app/build/intermediates/manifest_merge_blame_file/debug/processDebugMainManifest/manifest-merger-blame-debug-report.txt
1<?xml version="1.0" encoding="utf-8"?>
2<manifest xmlns:android="http://schemas.android.com/apk/res/android"
3    package="com.videoconf.app"
4    android:versionCode="1"
5    android:versionName="1.0" >
6
7    <uses-sdk
8        android:minSdkVersion="21"
9        android:targetSdkVersion="33" />
10
11    <!-- Internet permissions -->
12    <uses-permission android:name="android.permission.INTERNET" />
12-->src\main\AndroidManifest.xml:6:5-67
12-->src\main\AndroidManifest.xml:6:22-64
13    <uses-permission android:name="android.permission.ACCESS_NETWORK_STATE" />
13-->src\main\AndroidManifest.xml:7:5-79
13-->src\main\AndroidManifest.xml:7:22-76
14
15    <!-- WebRTC permissions -->
16    <uses-permission android:name="android.permission.CAMERA" />
16-->src\main\AndroidManifest.xml:10:5-65
16-->src\main\AndroidManifest.xml:10:22-62
17    <uses-permission android:name="android.permission.RECORD_AUDIO" />
17-->src\main\AndroidManifest.xml:11:5-71
17-->src\main\AndroidManifest.xml:11:22-68
18    <uses-permission android:name="android.permission.MODIFY_AUDIO_SETTINGS" />
18-->src\main\AndroidManifest.xml:12:5-80
18-->src\main\AndroidManifest.xml:12:22-77
19    <uses-permission android:name="android.permission.BLUETOOTH" />
19-->src\main\AndroidManifest.xml:13:5-68
19-->src\main\AndroidManifest.xml:13:22-65
20    <uses-permission android:name="android.permission.BLUETOOTH_CONNECT" />
20-->src\main\AndroidManifest.xml:14:5-76
20-->src\main\AndroidManifest.xml:14:22-73
21
22    <!-- For screen sharing on Android 10+ -->
23    <uses-permission android:name="android.permission.FOREGROUND_SERVICE" />
23-->src\main\AndroidManifest.xml:17:5-77
23-->src\main\AndroidManifest.xml:17:22-74
24    <uses-permission android:name="android.permission.FOREGROUND_SERVICE_MEDIA_PROJECTION" />
24-->src\main\AndroidManifest.xml:18:5-94
24-->src\main\AndroidManifest.xml:18:22-91
25
26    <!-- Storage permissions for file sharing -->
27    <uses-permission android:name="android.permission.READ_EXTERNAL_STORAGE" />
27-->src\main\AndroidManifest.xml:21:5-80
27-->src\main\AndroidManifest.xml:21:22-77
28    <uses-permission
28-->src\main\AndroidManifest.xml:22:5-23:38
29        android:name="android.permission.WRITE_EXTERNAL_STORAGE"
29-->src\main\AndroidManifest.xml:22:22-78
30        android:maxSdkVersion="28" />
30-->src\main\AndroidManifest.xml:23:9-35
31
32    <!-- For notifications -->
33    <uses-permission android:name="android.permission.POST_NOTIFICATIONS" />
33-->src\main\AndroidManifest.xml:26:5-77
33-->src\main\AndroidManifest.xml:26:22-74
34    <uses-permission android:name="android.permission.VIBRATE" />
34-->src\main\AndroidManifest.xml:27:5-66
34-->src\main\AndroidManifest.xml:27:22-63
35
36    <!-- Feature requirements -->
37    <uses-feature
37-->src\main\AndroidManifest.xml:30:5-84
38        android:name="android.hardware.camera"
38-->src\main\AndroidManifest.xml:30:19-57
39        android:required="true" />
39-->src\main\AndroidManifest.xml:30:58-81
40    <uses-feature
40-->src\main\AndroidManifest.xml:31:5-95
41        android:name="android.hardware.camera.autofocus"
41-->src\main\AndroidManifest.xml:31:19-67
42        android:required="false" />
42-->src\main\AndroidManifest.xml:31:68-92
43    <uses-feature
43-->src\main\AndroidManifest.xml:32:5-88
44        android:name="android.hardware.microphone"
44-->src\main\AndroidManifest.xml:32:19-61
45        android:required="true" />
45-->src\main\AndroidManifest.xml:32:62-85
46    <uses-feature
46-->src\main\AndroidManifest.xml:33:5-88
47        android:name="android.hardware.bluetooth"
47-->src\main\AndroidManifest.xml:33:19-60
48        android:required="false" />
48-->src\main\AndroidManifest.xml:33:61-85
49
50    <uses-permission android:name="android.permission.WAKE_LOCK" /> <!-- Required by older versions of Google Play services to create IID tokens -->
50-->[com.google.firebase:firebase-messaging:23.1.2] AndroidManifest.xml:26:5-68
50-->[com.google.firebase:firebase-messaging:23.1.2] AndroidManifest.xml:26:22-65
51    <uses-permission android:name="com.google.android.c2dm.permission.RECEIVE" />
51-->[com.google.firebase:firebase-messaging:23.1.2] AndroidManifest.xml:28:5-82
51-->[com.google.firebase:firebase-messaging:23.1.2] AndroidManifest.xml:28:22-79
52
53    <permission
53-->[androidx.core:core:1.10.0] AndroidManifest.xml:22:5-24:47
54        android:name="com.videoconf.app.DYNAMIC_RECEIVER_NOT_EXPORTED_PERMISSION"
54-->[androidx.core:core:1.10.0] AndroidManifest.xml:23:9-81
55        android:protectionLevel="signature" />
55-->[androidx.core:core:1.10.0] AndroidManifest.xml:24:9-44
56
57    <uses-permission android:name="com.videoconf.app.DYNAMIC_RECEIVER_NOT_EXPORTED_PERMISSION" />
57-->[androidx.core:core:1.10.0] AndroidManifest.xml:26:5-97
57-->[androidx.core:core:1.10.0] AndroidManifest.xml:26:22-94
58
59    <application
59-->src\main\AndroidManifest.xml:35:5-94:19
60        android:name="com.videoconf.app.TeamsCloneApplication"
60-->src\main\AndroidManifest.xml:36:9-46
61        android:allowBackup="true"
61-->src\main\AndroidManifest.xml:37:9-35
62        android:appComponentFactory="androidx.core.app.CoreComponentFactory"
62-->[androidx.core:core:1.10.0] AndroidManifest.xml:28:18-86
63        android:dataExtractionRules="@xml/data_extraction_rules"
63-->src\main\AndroidManifest.xml:38:9-65
64        android:debuggable="true"
65        android:extractNativeLibs="true"
66        android:fullBackupContent="@xml/backup_rules"
66-->src\main\AndroidManifest.xml:39:9-54
67        android:icon="@mipmap/ic_launcher"
67-->src\main\AndroidManifest.xml:40:9-43
68        android:label="@string/app_name"
68-->src\main\AndroidManifest.xml:41:9-41
69        android:roundIcon="@mipmap/ic_launcher_round"
69-->src\main\AndroidManifest.xml:42:9-54
70        android:supportsRtl="true"
70-->src\main\AndroidManifest.xml:43:9-35
71        android:theme="@style/Theme.TeamsClone"
71-->src\main\AndroidManifest.xml:44:9-48
72        android:usesCleartextTraffic="true" >
72-->src\main\AndroidManifest.xml:45:9-44
73        <activity
73-->src\main\AndroidManifest.xml:49:9-67:20
74            android:name="com.videoconf.app.ui.MainActivity"
74-->src\main\AndroidManifest.xml:50:13-44
75            android:exported="true"
75-->src\main\AndroidManifest.xml:51:13-36
76            android:windowSoftInputMode="adjustResize" >
76-->src\main\AndroidManifest.xml:52:13-55
77            <intent-filter>
77-->src\main\AndroidManifest.xml:53:13-56:29
78                <action android:name="android.intent.action.MAIN" />
78-->src\main\AndroidManifest.xml:54:17-69
78-->src\main\AndroidManifest.xml:54:25-66
79
80                <category android:name="android.intent.category.LAUNCHER" />
80-->src\main\AndroidManifest.xml:55:17-77
80-->src\main\AndroidManifest.xml:55:27-74
81            </intent-filter>
82
83            <!-- Deep link handling for meeting invites -->
84            <intent-filter>
84-->src\main\AndroidManifest.xml:59:13-66:29
85                <action android:name="android.intent.action.VIEW" />
85-->src\main\AndroidManifest.xml:60:17-69
85-->src\main\AndroidManifest.xml:60:25-66
86
87                <category android:name="android.intent.category.DEFAULT" />
87-->src\main\AndroidManifest.xml:61:17-76
87-->src\main\AndroidManifest.xml:61:27-73
88                <category android:name="android.intent.category.BROWSABLE" />
88-->src\main\AndroidManifest.xml:62:17-78
88-->src\main\AndroidManifest.xml:62:27-75
89
90                <data
90-->src\main\AndroidManifest.xml:63:17-65:46
91                    android:host="meeting"
91-->src\main\AndroidManifest.xml:65:21-43
92                    android:scheme="teamsclone" />
92-->src\main\AndroidManifest.xml:64:21-48
93            </intent-filter>
94        </activity>
95
96        <!-- Service for handling WebRTC in background -->
97        <service
97-->src\main\AndroidManifest.xml:70:9-73:40
98            android:name="com.videoconf.app.services.WebRtcService"
98-->src\main\AndroidManifest.xml:71:13-51
99            android:exported="false"
99-->src\main\AndroidManifest.xml:73:13-37
100            android:foregroundServiceType="mediaProjection" />
100-->src\main\AndroidManifest.xml:72:13-60
101
102        <!-- Service for handling notifications -->
103        <service
103-->src\main\AndroidManifest.xml:76:9-82:19
104            android:name="com.videoconf.app.services.MessagingService"
104-->src\main\AndroidManifest.xml:77:13-54
105            android:exported="false" >
105-->src\main\AndroidManifest.xml:78:13-37
106            <intent-filter>
106-->src\main\AndroidManifest.xml:79:13-81:29
107                <action android:name="com.google.firebase.MESSAGING_EVENT" />
107-->src\main\AndroidManifest.xml:80:17-78
107-->src\main\AndroidManifest.xml:80:25-75
108            </intent-filter>
109        </service>
110
111        <!-- FileProvider for sharing files -->
112        <provider
113            android:name="androidx.core.content.FileProvider"
113-->src\main\AndroidManifest.xml:86:13-62
114            android:authorities="com.videoconf.app.fileprovider"
114-->src\main\AndroidManifest.xml:87:13-64
115            android:exported="false"
115-->src\main\AndroidManifest.xml:88:13-37
116            android:grantUriPermissions="true" >
116-->src\main\AndroidManifest.xml:89:13-47
117            <meta-data
117-->src\main\AndroidManifest.xml:90:13-92:54
118                android:name="android.support.FILE_PROVIDER_PATHS"
118-->src\main\AndroidManifest.xml:91:17-67
119                android:resource="@xml/file_paths" />
119-->src\main\AndroidManifest.xml:92:17-51
120        </provider>
121
122        <service
122-->[com.google.firebase:firebase-firestore-ktx:24.5.0] AndroidManifest.xml:11:9-17:19
123            android:name="com.google.firebase.components.ComponentDiscoveryService"
123-->[com.google.firebase:firebase-firestore-ktx:24.5.0] AndroidManifest.xml:12:13-84
124            android:directBootAware="true"
124-->[com.google.firebase:firebase-common:20.3.2] AndroidManifest.xml:34:13-43
125            android:exported="false" >
125-->[com.google.firebase:firebase-firestore-ktx:24.5.0] AndroidManifest.xml:13:13-37
126            <meta-data
126-->[com.google.firebase:firebase-firestore-ktx:24.5.0] AndroidManifest.xml:14:13-16:85
127                android:name="com.google.firebase.components:com.google.firebase.firestore.ktx.FirebaseFirestoreKtxRegistrar"
127-->[com.google.firebase:firebase-firestore-ktx:24.5.0] AndroidManifest.xml:15:17-126
128                android:value="com.google.firebase.components.ComponentRegistrar" />
128-->[com.google.firebase:firebase-firestore-ktx:24.5.0] AndroidManifest.xml:16:17-82
129            <meta-data
129-->[com.google.firebase:firebase-messaging-ktx:23.1.2] AndroidManifest.xml:28:13-30:85
130                android:name="com.google.firebase.components:com.google.firebase.messaging.ktx.FirebaseMessagingKtxRegistrar"
130-->[com.google.firebase:firebase-messaging-ktx:23.1.2] AndroidManifest.xml:29:17-126
131                android:value="com.google.firebase.components.ComponentRegistrar" />
131-->[com.google.firebase:firebase-messaging-ktx:23.1.2] AndroidManifest.xml:30:17-82
132            <meta-data
132-->[com.google.firebase:firebase-storage-ktx:20.1.0] AndroidManifest.xml:14:13-16:85
133                android:name="com.google.firebase.components:com.google.firebase.storage.ktx.FirebaseStorageKtxRegistrar"
133-->[com.google.firebase:firebase-storage-ktx:20.1.0] AndroidManifest.xml:15:17-122
134                android:value="com.google.firebase.components.ComponentRegistrar" />
134-->[com.google.firebase:firebase-storage-ktx:20.1.0] AndroidManifest.xml:16:17-82
135            <meta-data
135-->[com.google.firebase:firebase-auth-ktx:21.3.0] AndroidManifest.xml:11:13-13:85
136                android:name="com.google.firebase.components:com.google.firebase.auth.ktx.FirebaseAuthKtxRegistrar"
136-->[com.google.firebase:firebase-auth-ktx:21.3.0] AndroidManifest.xml:12:17-116
137                android:value="com.google.firebase.components.ComponentRegistrar" />
137-->[com.google.firebase:firebase-auth-ktx:21.3.0] AndroidManifest.xml:13:17-82
138            <meta-data
138-->[com.google.firebase:firebase-common-ktx:20.3.2] AndroidManifest.xml:14:13-16:85
139                android:name="com.google.firebase.components:com.google.firebase.ktx.FirebaseCommonKtxRegistrar"
139-->[com.google.firebase:firebase-common-ktx:20.3.2] AndroidManifest.xml:15:17-113
140                android:value="com.google.firebase.components.ComponentRegistrar" />
140-->[com.google.firebase:firebase-common-ktx:20.3.2] AndroidManifest.xml:16:17-82
141            <meta-data
141-->[com.google.firebase:firebase-storage:20.1.0] AndroidManifest.xml:32:13-34:85
142                android:name="com.google.firebase.components:com.google.firebase.storage.StorageRegistrar"
142-->[com.google.firebase:firebase-storage:20.1.0] AndroidManifest.xml:33:17-107
143                android:value="com.google.firebase.components.ComponentRegistrar" />
143-->[com.google.firebase:firebase-storage:20.1.0] AndroidManifest.xml:34:17-82
144            <meta-data
144-->[com.google.firebase:firebase-firestore:24.5.0] AndroidManifest.xml:19:13-21:85
145                android:name="com.google.firebase.components:com.google.firebase.firestore.FirestoreRegistrar"
145-->[com.google.firebase:firebase-firestore:24.5.0] AndroidManifest.xml:20:17-111
146                android:value="com.google.firebase.components.ComponentRegistrar" />
146-->[com.google.firebase:firebase-firestore:24.5.0] AndroidManifest.xml:21:17-82
147            <meta-data
147-->[com.google.firebase:firebase-auth:21.3.0] AndroidManifest.xml:69:13-71:85
148                android:name="com.google.firebase.components:com.google.firebase.auth.FirebaseAuthRegistrar"
148-->[com.google.firebase:firebase-auth:21.3.0] AndroidManifest.xml:70:17-109
149                android:value="com.google.firebase.components.ComponentRegistrar" />
149-->[com.google.firebase:firebase-auth:21.3.0] AndroidManifest.xml:71:17-82
150            <meta-data
150-->[com.google.firebase:firebase-messaging:23.1.2] AndroidManifest.xml:55:13-57:85
151                android:name="com.google.firebase.components:com.google.firebase.messaging.FirebaseMessagingRegistrar"
151-->[com.google.firebase:firebase-messaging:23.1.2] AndroidManifest.xml:56:17-119
152                android:value="com.google.firebase.components.ComponentRegistrar" />
152-->[com.google.firebase:firebase-messaging:23.1.2] AndroidManifest.xml:57:17-82
153            <meta-data
153-->[com.google.firebase:firebase-datatransport:18.1.7] AndroidManifest.xml:27:13-29:85
154                android:name="com.google.firebase.components:com.google.firebase.datatransport.TransportRegistrar"
154-->[com.google.firebase:firebase-datatransport:18.1.7] AndroidManifest.xml:28:17-115
155                android:value="com.google.firebase.components.ComponentRegistrar" />
155-->[com.google.firebase:firebase-datatransport:18.1.7] AndroidManifest.xml:29:17-82
156            <meta-data
156-->[com.google.firebase:firebase-installations:17.1.3] AndroidManifest.xml:17:13-19:85
157                android:name="com.google.firebase.components:com.google.firebase.installations.FirebaseInstallationsRegistrar"
157-->[com.google.firebase:firebase-installations:17.1.3] AndroidManifest.xml:18:17-127
158                android:value="com.google.firebase.components.ComponentRegistrar" />
158-->[com.google.firebase:firebase-installations:17.1.3] AndroidManifest.xml:19:17-82
159        </service>
160
161        <activity
161-->[com.google.firebase:firebase-auth:21.3.0] AndroidManifest.xml:29:9-46:20
162            android:name="com.google.firebase.auth.internal.GenericIdpActivity"
162-->[com.google.firebase:firebase-auth:21.3.0] AndroidManifest.xml:30:13-80
163            android:excludeFromRecents="true"
163-->[com.google.firebase:firebase-auth:21.3.0] AndroidManifest.xml:31:13-46
164            android:exported="true"
164-->[com.google.firebase:firebase-auth:21.3.0] AndroidManifest.xml:32:13-36
165            android:launchMode="singleTask"
165-->[com.google.firebase:firebase-auth:21.3.0] AndroidManifest.xml:33:13-44
166            android:theme="@android:style/Theme.Translucent.NoTitleBar" >
166-->[com.google.firebase:firebase-auth:21.3.0] AndroidManifest.xml:34:13-72
167            <intent-filter>
167-->[com.google.firebase:firebase-auth:21.3.0] AndroidManifest.xml:35:13-45:29
168                <action android:name="android.intent.action.VIEW" />
168-->src\main\AndroidManifest.xml:60:17-69
168-->src\main\AndroidManifest.xml:60:25-66
169
170                <category android:name="android.intent.category.DEFAULT" />
170-->src\main\AndroidManifest.xml:61:17-76
170-->src\main\AndroidManifest.xml:61:27-73
171                <category android:name="android.intent.category.BROWSABLE" />
171-->src\main\AndroidManifest.xml:62:17-78
171-->src\main\AndroidManifest.xml:62:27-75
172
173                <data
173-->src\main\AndroidManifest.xml:63:17-65:46
174                    android:host="firebase.auth"
174-->src\main\AndroidManifest.xml:65:21-43
175                    android:path="/"
176                    android:scheme="genericidp" />
176-->src\main\AndroidManifest.xml:64:21-48
177            </intent-filter>
178        </activity>
179        <activity
179-->[com.google.firebase:firebase-auth:21.3.0] AndroidManifest.xml:47:9-64:20
180            android:name="com.google.firebase.auth.internal.RecaptchaActivity"
180-->[com.google.firebase:firebase-auth:21.3.0] AndroidManifest.xml:48:13-79
181            android:excludeFromRecents="true"
181-->[com.google.firebase:firebase-auth:21.3.0] AndroidManifest.xml:49:13-46
182            android:exported="true"
182-->[com.google.firebase:firebase-auth:21.3.0] AndroidManifest.xml:50:13-36
183            android:launchMode="singleTask"
183-->[com.google.firebase:firebase-auth:21.3.0] AndroidManifest.xml:51:13-44
184            android:theme="@android:style/Theme.Translucent.NoTitleBar" >
184-->[com.google.firebase:firebase-auth:21.3.0] AndroidManifest.xml:52:13-72
185            <intent-filter>
185-->[com.google.firebase:firebase-auth:21.3.0] AndroidManifest.xml:53:13-63:29
186                <action android:name="android.intent.action.VIEW" />
186-->src\main\AndroidManifest.xml:60:17-69
186-->src\main\AndroidManifest.xml:60:25-66
187
188                <category android:name="android.intent.category.DEFAULT" />
188-->src\main\AndroidManifest.xml:61:17-76
188-->src\main\AndroidManifest.xml:61:27-73
189                <category android:name="android.intent.category.BROWSABLE" />
189-->src\main\AndroidManifest.xml:62:17-78
189-->src\main\AndroidManifest.xml:62:27-75
190
191                <data
191-->src\main\AndroidManifest.xml:63:17-65:46
192                    android:host="firebase.auth"
192-->src\main\AndroidManifest.xml:65:21-43
193                    android:path="/"
194                    android:scheme="recaptcha" />
194-->src\main\AndroidManifest.xml:64:21-48
195            </intent-filter>
196        </activity>
197
198        <receiver
198-->[com.google.firebase:firebase-messaging:23.1.2] AndroidManifest.xml:31:9-38:20
199            android:name="com.google.firebase.iid.FirebaseInstanceIdReceiver"
199-->[com.google.firebase:firebase-messaging:23.1.2] AndroidManifest.xml:32:13-78
200            android:exported="true"
200-->[com.google.firebase:firebase-messaging:23.1.2] AndroidManifest.xml:33:13-36
201            android:permission="com.google.android.c2dm.permission.SEND" >
201-->[com.google.firebase:firebase-messaging:23.1.2] AndroidManifest.xml:34:13-73
202            <intent-filter>
202-->[com.google.firebase:firebase-messaging:23.1.2] AndroidManifest.xml:35:13-37:29
203                <action android:name="com.google.android.c2dm.intent.RECEIVE" />
203-->[com.google.firebase:firebase-messaging:23.1.2] AndroidManifest.xml:36:17-81
203-->[com.google.firebase:firebase-messaging:23.1.2] AndroidManifest.xml:36:25-78
204            </intent-filter>
205        </receiver>
206        <!--
207             FirebaseMessagingService performs security checks at runtime,
208             but set to not exported to explicitly avoid allowing another app to call it.
209        -->
210        <service
210-->[com.google.firebase:firebase-messaging:23.1.2] AndroidManifest.xml:44:9-51:19
211            android:name="com.google.firebase.messaging.FirebaseMessagingService"
211-->[com.google.firebase:firebase-messaging:23.1.2] AndroidManifest.xml:45:13-82
212            android:directBootAware="true"
212-->[com.google.firebase:firebase-messaging:23.1.2] AndroidManifest.xml:46:13-43
213            android:exported="false" >
213-->[com.google.firebase:firebase-messaging:23.1.2] AndroidManifest.xml:47:13-37
214            <intent-filter android:priority="-500" >
214-->src\main\AndroidManifest.xml:79:13-81:29
215                <action android:name="com.google.firebase.MESSAGING_EVENT" />
215-->src\main\AndroidManifest.xml:80:17-78
215-->src\main\AndroidManifest.xml:80:25-75
216            </intent-filter>
217        </service>
218
219        <provider
219-->[com.google.firebase:firebase-common:20.3.2] AndroidManifest.xml:25:9-30:39
220            android:name="com.google.firebase.provider.FirebaseInitProvider"
220-->[com.google.firebase:firebase-common:20.3.2] AndroidManifest.xml:26:13-77
221            android:authorities="com.videoconf.app.firebaseinitprovider"
221-->[com.google.firebase:firebase-common:20.3.2] AndroidManifest.xml:27:13-72
222            android:directBootAware="true"
222-->[com.google.firebase:firebase-common:20.3.2] AndroidManifest.xml:28:13-43
223            android:exported="false"
223-->[com.google.firebase:firebase-common:20.3.2] AndroidManifest.xml:29:13-37
224            android:initOrder="100" />
224-->[com.google.firebase:firebase-common:20.3.2] AndroidManifest.xml:30:13-36
225
226        <activity
226-->[androidx.compose.ui:ui-tooling:1.4.1] AndroidManifest.xml:23:9-25:39
227            android:name="androidx.compose.ui.tooling.PreviewActivity"
227-->[androidx.compose.ui:ui-tooling:1.4.1] AndroidManifest.xml:24:13-71
228            android:exported="true" />
228-->[androidx.compose.ui:ui-tooling:1.4.1] AndroidManifest.xml:25:13-36
229
230        <provider
230-->[androidx.emoji2:emoji2:1.3.0] AndroidManifest.xml:24:9-32:20
231            android:name="androidx.startup.InitializationProvider"
231-->[androidx.emoji2:emoji2:1.3.0] AndroidManifest.xml:25:13-67
232            android:authorities="com.videoconf.app.androidx-startup"
232-->[androidx.emoji2:emoji2:1.3.0] AndroidManifest.xml:26:13-68
233            android:exported="false" >
233-->[androidx.emoji2:emoji2:1.3.0] AndroidManifest.xml:27:13-37
234            <meta-data
234-->[androidx.emoji2:emoji2:1.3.0] AndroidManifest.xml:29:13-31:52
235                android:name="androidx.emoji2.text.EmojiCompatInitializer"
235-->[androidx.emoji2:emoji2:1.3.0] AndroidManifest.xml:30:17-75
236                android:value="androidx.startup" />
236-->[androidx.emoji2:emoji2:1.3.0] AndroidManifest.xml:31:17-49
237            <meta-data
237-->[androidx.lifecycle:lifecycle-process:2.6.1] AndroidManifest.xml:29:13-31:52
238                android:name="androidx.lifecycle.ProcessLifecycleInitializer"
238-->[androidx.lifecycle:lifecycle-process:2.6.1] AndroidManifest.xml:30:17-78
239                android:value="androidx.startup" />
239-->[androidx.lifecycle:lifecycle-process:2.6.1] AndroidManifest.xml:31:17-49
240            <meta-data
240-->[androidx.profileinstaller:profileinstaller:1.3.0] AndroidManifest.xml:29:13-31:52
241                android:name="androidx.profileinstaller.ProfileInstallerInitializer"
241-->[androidx.profileinstaller:profileinstaller:1.3.0] AndroidManifest.xml:30:17-85
242                android:value="androidx.startup" />
242-->[androidx.profileinstaller:profileinstaller:1.3.0] AndroidManifest.xml:31:17-49
243        </provider>
244
245        <activity
245-->[com.google.android.gms:play-services-base:18.0.1] AndroidManifest.xml:20:9-22:45
246            android:name="com.google.android.gms.common.api.GoogleApiActivity"
246-->[com.google.android.gms:play-services-base:18.0.1] AndroidManifest.xml:20:19-85
247            android:exported="false"
247-->[com.google.android.gms:play-services-base:18.0.1] AndroidManifest.xml:22:19-43
248            android:theme="@android:style/Theme.Translucent.NoTitleBar" />
248-->[com.google.android.gms:play-services-base:18.0.1] AndroidManifest.xml:21:19-78
249
250        <meta-data
250-->[com.google.android.gms:play-services-basement:18.1.0] AndroidManifest.xml:21:9-23:69
251            android:name="com.google.android.gms.version"
251-->[com.google.android.gms:play-services-basement:18.1.0] AndroidManifest.xml:22:13-58
252            android:value="@integer/google_play_services_version" />
252-->[com.google.android.gms:play-services-basement:18.1.0] AndroidManifest.xml:23:13-66
253
254        <uses-library
254-->[androidx.window:window:1.0.0] AndroidManifest.xml:25:9-27:40
255            android:name="androidx.window.extensions"
255-->[androidx.window:window:1.0.0] AndroidManifest.xml:26:13-54
256            android:required="false" />
256-->[androidx.window:window:1.0.0] AndroidManifest.xml:27:13-37
257        <uses-library
257-->[androidx.window:window:1.0.0] AndroidManifest.xml:28:9-30:40
258            android:name="androidx.window.sidecar"
258-->[androidx.window:window:1.0.0] AndroidManifest.xml:29:13-51
259            android:required="false" />
259-->[androidx.window:window:1.0.0] AndroidManifest.xml:30:13-37
260
261        <service
261-->[androidx.room:room-runtime:2.5.1] AndroidManifest.xml:24:9-28:63
262            android:name="androidx.room.MultiInstanceInvalidationService"
262-->[androidx.room:room-runtime:2.5.1] AndroidManifest.xml:25:13-74
263            android:directBootAware="true"
263-->[androidx.room:room-runtime:2.5.1] AndroidManifest.xml:26:13-43
264            android:exported="false" />
264-->[androidx.room:room-runtime:2.5.1] AndroidManifest.xml:27:13-37
265        <service
265-->[com.google.android.datatransport:transport-backend-cct:3.1.8] AndroidManifest.xml:28:9-34:19
266            android:name="com.google.android.datatransport.runtime.backends.TransportBackendDiscovery"
266-->[com.google.android.datatransport:transport-backend-cct:3.1.8] AndroidManifest.xml:29:13-103
267            android:exported="false" >
267-->[com.google.android.datatransport:transport-backend-cct:3.1.8] AndroidManifest.xml:30:13-37
268            <meta-data
268-->[com.google.android.datatransport:transport-backend-cct:3.1.8] AndroidManifest.xml:31:13-33:39
269                android:name="backend:com.google.android.datatransport.cct.CctBackendFactory"
269-->[com.google.android.datatransport:transport-backend-cct:3.1.8] AndroidManifest.xml:32:17-94
270                android:value="cct" />
270-->[com.google.android.datatransport:transport-backend-cct:3.1.8] AndroidManifest.xml:33:17-36
271        </service>
272        <service
272-->[com.google.android.datatransport:transport-runtime:3.1.8] AndroidManifest.xml:26:9-30:19
273            android:name="com.google.android.datatransport.runtime.scheduling.jobscheduling.JobInfoSchedulerService"
273-->[com.google.android.datatransport:transport-runtime:3.1.8] AndroidManifest.xml:27:13-117
274            android:exported="false"
274-->[com.google.android.datatransport:transport-runtime:3.1.8] AndroidManifest.xml:28:13-37
275            android:permission="android.permission.BIND_JOB_SERVICE" >
275-->[com.google.android.datatransport:transport-runtime:3.1.8] AndroidManifest.xml:29:13-69
276        </service>
277
278        <receiver
278-->[com.google.android.datatransport:transport-runtime:3.1.8] AndroidManifest.xml:32:9-34:40
279            android:name="com.google.android.datatransport.runtime.scheduling.jobscheduling.AlarmManagerSchedulerBroadcastReceiver"
279-->[com.google.android.datatransport:transport-runtime:3.1.8] AndroidManifest.xml:33:13-132
280            android:exported="false" />
280-->[com.google.android.datatransport:transport-runtime:3.1.8] AndroidManifest.xml:34:13-37
281        <receiver
281-->[androidx.profileinstaller:profileinstaller:1.3.0] AndroidManifest.xml:34:9-52:20
282            android:name="androidx.profileinstaller.ProfileInstallReceiver"
282-->[androidx.profileinstaller:profileinstaller:1.3.0] AndroidManifest.xml:35:13-76
283            android:directBootAware="false"
283-->[androidx.profileinstaller:profileinstaller:1.3.0] AndroidManifest.xml:36:13-44
284            android:enabled="true"
284-->[androidx.profileinstaller:profileinstaller:1.3.0] AndroidManifest.xml:37:13-35
285            android:exported="true"
285-->[androidx.profileinstaller:profileinstaller:1.3.0] AndroidManifest.xml:38:13-36
286            android:permission="android.permission.DUMP" >
286-->[androidx.profileinstaller:profileinstaller:1.3.0] AndroidManifest.xml:39:13-57
287            <intent-filter>
287-->[androidx.profileinstaller:profileinstaller:1.3.0] AndroidManifest.xml:40:13-42:29
288                <action android:name="androidx.profileinstaller.action.INSTALL_PROFILE" />
288-->[androidx.profileinstaller:profileinstaller:1.3.0] AndroidManifest.xml:41:17-91
288-->[androidx.profileinstaller:profileinstaller:1.3.0] AndroidManifest.xml:41:25-88
289            </intent-filter>
290            <intent-filter>
290-->[androidx.profileinstaller:profileinstaller:1.3.0] AndroidManifest.xml:43:13-45:29
291                <action android:name="androidx.profileinstaller.action.SKIP_FILE" />
291-->[androidx.profileinstaller:profileinstaller:1.3.0] AndroidManifest.xml:44:17-85
291-->[androidx.profileinstaller:profileinstaller:1.3.0] AndroidManifest.xml:44:25-82
292            </intent-filter>
293            <intent-filter>
293-->[androidx.profileinstaller:profileinstaller:1.3.0] AndroidManifest.xml:46:13-48:29